[2023-05-07 21:19:47,870][train][INFO] - Training model
[2023-05-07 21:19:48,407][train][INFO] - Epoch [1/100], Loss: 0.5621, RMSE: 0.9578, RAE: 1.3798
[2023-05-07 21:19:48,431][train][INFO] - Epoch [2/100], Loss: 0.1378, RMSE: 0.5162, RAE: 0.7284
[2023-05-07 21:19:48,455][train][INFO] - Epoch [3/100], Loss: 0.0976, RMSE: 0.3393, RAE: 0.4670
[2023-05-07 21:19:48,476][train][INFO] - Epoch [4/100], Loss: 0.0746, RMSE: 0.2946, RAE: 0.4018
[2023-05-07 21:19:48,496][train][INFO] - Epoch [5/100], Loss: 0.1024, RMSE: 0.2732, RAE: 0.3705
[2023-05-07 21:19:48,516][train][INFO] - Epoch [6/100], Loss: 0.0668, RMSE: 0.2491, RAE: 0.3381
[2023-05-07 21:19:48,536][train][INFO] - Epoch [7/100], Loss: 0.0573, RMSE: 0.2370, RAE: 0.3225
[2023-05-07 21:19:48,556][train][INFO] - Epoch [8/100], Loss: 0.0734, RMSE: 0.2333, RAE: 0.3137
[2023-05-07 21:19:48,576][train][INFO] - Epoch [9/100], Loss: 0.0400, RMSE: 0.2272, RAE: 0.3023
[2023-05-07 21:19:48,596][train][INFO] - Epoch [10/100], Loss: 0.0504, RMSE: 0.2146, RAE: 0.2868
[2023-05-07 21:19:48,616][train][INFO] - Epoch [11/100], Loss: 0.0449, RMSE: 0.2057, RAE: 0.2739
[2023-05-07 21:19:48,636][train][INFO] - Epoch [12/100], Loss: 0.0487, RMSE: 0.2042, RAE: 0.2701
[2023-05-07 21:19:48,661][train][INFO] - Epoch [13/100], Loss: 0.0485, RMSE: 0.2006, RAE: 0.2646
[2023-05-07 21:19:48,691][train][INFO] - Epoch [14/100], Loss: 0.0251, RMSE: 0.2030, RAE: 0.2657
[2023-05-07 21:19:48,720][train][INFO] - Epoch [15/100], Loss: 0.0336, RMSE: 0.1931, RAE: 0.2543
[2023-05-07 21:19:48,741][train][INFO] - Epoch [16/100], Loss: 0.0290, RMSE: 0.1900, RAE: 0.2490
[2023-05-07 21:19:48,761][train][INFO] - Epoch [17/100], Loss: 0.0318, RMSE: 0.1867, RAE: 0.2425
[2023-05-07 21:19:48,781][train][INFO] - Epoch [18/100], Loss: 0.0327, RMSE: 0.1840, RAE: 0.2388
[2023-05-07 21:19:48,801][train][INFO] - Epoch [19/100], Loss: 0.0314, RMSE: 0.1874, RAE: 0.2417
[2023-05-07 21:19:48,821][train][INFO] - Epoch [20/100], Loss: 0.0434, RMSE: 0.1856, RAE: 0.2403
[2023-05-07 21:19:48,841][train][INFO] - Epoch [21/100], Loss: 0.0318, RMSE: 0.1801, RAE: 0.2340
[2023-05-07 21:19:48,861][train][INFO] - Epoch [22/100], Loss: 0.0196, RMSE: 0.1749, RAE: 0.2265
[2023-05-07 21:19:48,881][train][INFO] - Epoch [23/100], Loss: 0.0324, RMSE: 0.1758, RAE: 0.2263
[2023-05-07 21:19:48,902][train][INFO] - Epoch [24/100], Loss: 0.0226, RMSE: 0.1752, RAE: 0.2252
[2023-05-07 21:19:48,925][train][INFO] - Epoch [25/100], Loss: 0.0342, RMSE: 0.1765, RAE: 0.2257
[2023-05-07 21:19:48,946][train][INFO] - Epoch [26/100], Loss: 0.0387, RMSE: 0.1739, RAE: 0.2240
[2023-05-07 21:19:48,967][train][INFO] - Epoch [27/100], Loss: 0.0280, RMSE: 0.1699, RAE: 0.2170
[2023-05-07 21:19:48,988][train][INFO] - Epoch [28/100], Loss: 0.0363, RMSE: 0.1740, RAE: 0.2200
[2023-05-07 21:19:49,008][train][INFO] - Epoch [29/100], Loss: 0.0176, RMSE: 0.1635, RAE: 0.2091
[2023-05-07 21:19:49,028][train][INFO] - Epoch [30/100], Loss: 0.0355, RMSE: 0.1674, RAE: 0.2115
[2023-05-07 21:19:49,048][train][INFO] - Epoch [31/100], Loss: 0.0276, RMSE: 0.1652, RAE: 0.2097
[2023-05-07 21:19:49,068][train][INFO] - Epoch [32/100], Loss: 0.0222, RMSE: 0.1627, RAE: 0.2070
[2023-05-07 21:19:49,088][train][INFO] - Epoch [33/100], Loss: 0.0335, RMSE: 0.1615, RAE: 0.2057
[2023-05-07 21:19:49,108][train][INFO] - Epoch [34/100], Loss: 0.0332, RMSE: 0.1643, RAE: 0.2078
[2023-05-07 21:19:49,128][train][INFO] - Epoch [35/100], Loss: 0.0288, RMSE: 0.1596, RAE: 0.2017
[2023-05-07 21:19:49,148][train][INFO] - Epoch [36/100], Loss: 0.0209, RMSE: 0.1600, RAE: 0.2013
[2023-05-07 21:19:49,168][train][INFO] - Epoch [37/100], Loss: 0.0283, RMSE: 0.1585, RAE: 0.2007
[2023-05-07 21:19:49,188][train][INFO] - Epoch [38/100], Loss: 0.0286, RMSE: 0.1586, RAE: 0.1994
[2023-05-07 21:19:49,209][train][INFO] - Epoch [39/100], Loss: 0.0209, RMSE: 0.1567, RAE: 0.1960
[2023-05-07 21:19:49,230][train][INFO] - Epoch [40/100], Loss: 0.0373, RMSE: 0.1590, RAE: 0.1994
[2023-05-07 21:19:49,251][train][INFO] - Epoch [41/100], Loss: 0.0248, RMSE: 0.1533, RAE: 0.1927
[2023-05-07 21:19:49,271][train][INFO] - Epoch [42/100], Loss: 0.0294, RMSE: 0.1557, RAE: 0.1957
[2023-05-07 21:19:49,291][train][INFO] - Epoch [43/100], Loss: 0.0231, RMSE: 0.1535, RAE: 0.1923
[2023-05-07 21:19:49,311][train][INFO] - Epoch [44/100], Loss: 0.0308, RMSE: 0.1573, RAE: 0.1965
[2023-05-07 21:19:49,331][train][INFO] - Epoch [45/100], Loss: 0.0247, RMSE: 0.1531, RAE: 0.1921
[2023-05-07 21:19:49,351][train][INFO] - Epoch [46/100], Loss: 0.0225, RMSE: 0.1547, RAE: 0.1926
[2023-05-07 21:19:49,373][train][INFO] - Epoch [47/100], Loss: 0.0237, RMSE: 0.1505, RAE: 0.1879
[2023-05-07 21:19:49,393][train][INFO] - Epoch [48/100], Loss: 0.0273, RMSE: 0.1546, RAE: 0.1940
[2023-05-07 21:19:49,413][train][INFO] - Epoch [49/100], Loss: 0.0265, RMSE: 0.1537, RAE: 0.1910
[2023-05-07 21:19:49,433][train][INFO] - Epoch [50/100], Loss: 0.0253, RMSE: 0.1547, RAE: 0.1920
[2023-05-07 21:19:49,453][train][INFO] - Epoch [51/100], Loss: 0.0247, RMSE: 0.1456, RAE: 0.1825
[2023-05-07 21:19:49,473][train][INFO] - Epoch [52/100], Loss: 0.0233, RMSE: 0.1464, RAE: 0.1837
[2023-05-07 21:19:49,493][train][INFO] - Epoch [53/100], Loss: 0.0170, RMSE: 0.1475, RAE: 0.1817
[2023-05-07 21:19:49,512][train][INFO] - Epoch [54/100], Loss: 0.0223, RMSE: 0.1427, RAE: 0.1785
[2023-05-07 21:19:49,532][train][INFO] - Epoch [55/100], Loss: 0.0249, RMSE: 0.1545, RAE: 0.1901
[2023-05-07 21:19:49,552][train][INFO] - Epoch [56/100], Loss: 0.0202, RMSE: 0.1418, RAE: 0.1775
[2023-05-07 21:19:49,572][train][INFO] - Epoch [57/100], Loss: 0.0315, RMSE: 0.1482, RAE: 0.1839
[2023-05-07 21:19:49,593][train][INFO] - Epoch [58/100], Loss: 0.0241, RMSE: 0.1498, RAE: 0.1848
[2023-05-07 21:19:49,614][train][INFO] - Epoch [59/100], Loss: 0.0196, RMSE: 0.1408, RAE: 0.1752
[2023-05-07 21:19:49,634][train][INFO] - Epoch [60/100], Loss: 0.0222, RMSE: 0.1431, RAE: 0.1783
[2023-05-07 21:19:49,654][train][INFO] - Epoch [61/100], Loss: 0.0225, RMSE: 0.1482, RAE: 0.1824
[2023-05-07 21:19:49,674][train][INFO] - Epoch [62/100], Loss: 0.0176, RMSE: 0.1439, RAE: 0.1781
[2023-05-07 21:19:49,694][train][INFO] - Epoch [63/100], Loss: 0.0168, RMSE: 0.1468, RAE: 0.1812
[2023-05-07 21:19:49,714][train][INFO] - Epoch [64/100], Loss: 0.0192, RMSE: 0.1394, RAE: 0.1717
[2023-05-07 21:19:49,734][train][INFO] - Epoch [65/100], Loss: 0.0140, RMSE: 0.1395, RAE: 0.1718
[2023-05-07 21:19:49,753][train][INFO] - Epoch [66/100], Loss: 0.0231, RMSE: 0.1381, RAE: 0.1693
[2023-05-07 21:19:49,773][train][INFO] - Epoch [67/100], Loss: 0.0217, RMSE: 0.1387, RAE: 0.1703
[2023-05-07 21:19:49,793][train][INFO] - Epoch [68/100], Loss: 0.0147, RMSE: 0.1367, RAE: 0.1673
[2023-05-07 21:19:49,813][train][INFO] - Epoch [69/100], Loss: 0.0192, RMSE: 0.1340, RAE: 0.1647
[2023-05-07 21:19:49,833][train][INFO] - Epoch [70/100], Loss: 0.0125, RMSE: 0.1317, RAE: 0.1617
[2023-05-07 21:19:49,853][train][INFO] - Epoch [71/100], Loss: 0.0160, RMSE: 0.1333, RAE: 0.1632
[2023-05-07 21:19:49,873][train][INFO] - Epoch [72/100], Loss: 0.0220, RMSE: 0.1337, RAE: 0.1638
[2023-05-07 21:19:49,892][train][INFO] - Epoch [73/100], Loss: 0.0337, RMSE: 0.1362, RAE: 0.1680
[2023-05-07 21:19:49,912][train][INFO] - Epoch [74/100], Loss: 0.0163, RMSE: 0.1356, RAE: 0.1650
[2023-05-07 21:19:49,932][train][INFO] - Epoch [75/100], Loss: 0.0209, RMSE: 0.1314, RAE: 0.1616
[2023-05-07 21:19:49,952][train][INFO] - Epoch [76/100], Loss: 0.0125, RMSE: 0.1273, RAE: 0.1567
[2023-05-07 21:19:49,972][train][INFO] - Epoch [77/100], Loss: 0.0100, RMSE: 0.1260, RAE: 0.1548
[2023-05-07 21:19:49,992][train][INFO] - Epoch [78/100], Loss: 0.0119, RMSE: 0.1265, RAE: 0.1543
[2023-05-07 21:19:50,011][train][INFO] - Epoch [79/100], Loss: 0.0181, RMSE: 0.1333, RAE: 0.1615
[2023-05-07 21:19:50,031][train][INFO] - Epoch [80/100], Loss: 0.0160, RMSE: 0.1295, RAE: 0.1574
[2023-05-07 21:19:50,052][train][INFO] - Epoch [81/100], Loss: 0.0160, RMSE: 0.1257, RAE: 0.1530
[2023-05-07 21:19:50,075][train][INFO] - Epoch [82/100], Loss: 0.0358, RMSE: 0.1256, RAE: 0.1519
[2023-05-07 21:19:50,095][train][INFO] - Epoch [83/100], Loss: 0.0171, RMSE: 0.1293, RAE: 0.1577
[2023-05-07 21:19:50,116][train][INFO] - Epoch [84/100], Loss: 0.0124, RMSE: 0.1223, RAE: 0.1485
[2023-05-07 21:19:50,138][train][INFO] - Epoch [85/100], Loss: 0.0125, RMSE: 0.1252, RAE: 0.1513
[2023-05-07 21:19:50,159][train][INFO] - Epoch [86/100], Loss: 0.0114, RMSE: 0.1211, RAE: 0.1465
[2023-05-07 21:19:50,179][train][INFO] - Epoch [87/100], Loss: 0.0181, RMSE: 0.1242, RAE: 0.1497
[2023-05-07 21:19:50,200][train][INFO] - Epoch [88/100], Loss: 0.0179, RMSE: 0.1264, RAE: 0.1531
[2023-05-07 21:19:50,223][train][INFO] - Epoch [89/100], Loss: 0.0148, RMSE: 0.1197, RAE: 0.1452
[2023-05-07 21:19:50,245][train][INFO] - Epoch [90/100], Loss: 0.0141, RMSE: 0.1186, RAE: 0.1445
[2023-05-07 21:19:50,265][train][INFO] - Epoch [91/100], Loss: 0.0096, RMSE: 0.1199, RAE: 0.1452
[2023-05-07 21:19:50,286][train][INFO] - Epoch [92/100], Loss: 0.0240, RMSE: 0.1222, RAE: 0.1475
[2023-05-07 21:19:50,308][train][INFO] - Epoch [93/100], Loss: 0.0183, RMSE: 0.1264, RAE: 0.1531
[2023-05-07 21:19:50,331][train][INFO] - Epoch [94/100], Loss: 0.0166, RMSE: 0.1226, RAE: 0.1485
[2023-05-07 21:19:50,350][train][INFO] - Epoch [95/100], Loss: 0.0113, RMSE: 0.1193, RAE: 0.1454
[2023-05-07 21:19:50,370][train][INFO] - Epoch [96/100], Loss: 0.0209, RMSE: 0.1202, RAE: 0.1450
[2023-05-07 21:19:50,391][train][INFO] - Epoch [97/100], Loss: 0.0145, RMSE: 0.1167, RAE: 0.1403
[2023-05-07 21:19:50,414][train][INFO] - Epoch [98/100], Loss: 0.0096, RMSE: 0.1222, RAE: 0.1479
[2023-05-07 21:19:50,435][train][INFO] - Epoch [99/100], Loss: 0.0094, RMSE: 0.1172, RAE: 0.1419
[2023-05-07 21:19:50,457][train][INFO] - Epoch [100/100], Loss: 0.0109, RMSE: 0.1161, RAE: 0.1398
[2023-05-07 21:19:50,458][train][INFO] - Average Train Loss: 0.0382, Average Train RMSE: 0.1697, Average Train RAE: 0.2172
[2023-05-07 21:19:50,709][eval][INFO] - Evaluating model
[2023-05-07 21:19:50,716][eval][INFO] - Average Test Loss: 0.0102, Average Test RMSE: 0.1010, Average Test RAE: 0.1265, Average Test MAE: 0.0699, Average Test MAPE: 8.8223
